
> api@0.0.1 build
> nest build

[96mscripts/repair-db.ts[0m:[93m10[0m:[93m111[0m - [91merror[0m[90m TS18046: [0m'e' is of type 'unknown'.

[7m10[0m         try { await prisma.$executeRawUnsafe(`DELETE FROM "Product"`); } catch (e) { console.log('  Note: ' + e.message); }
[7m  [0m [91m                                                                                                              ~[0m
[96mscripts/repair-db.ts[0m:[93m12[0m:[93m112[0m - [91merror[0m[90m TS18046: [0m'e' is of type 'unknown'.

[7m12[0m         try { await prisma.$executeRawUnsafe(`DELETE FROM "Category"`); } catch (e) { console.log('  Note: ' + e.message); }
[7m  [0m [91m                                                                                                               ~[0m
[96mscripts/repair-db.ts[0m:[93m31[0m:[93m53[0m - [91merror[0m[90m TS18046: [0m'e' is of type 'unknown'.

[7m31[0m                 console.log(`  ‚ö†Ô∏è Schema Warning: ${e.message}`);
[7m  [0m [91m                                                    ~[0m
[96mscripts/repair-db.ts[0m:[93m46[0m:[93m104[0m - [91merror[0m[90m TS18046: [0m'e' is of type 'unknown'.

[7m46[0m             try { await prisma.$executeRawUnsafe(sql); } catch (e) { console.log(`  Info constraint: ${e.message}`); }
[7m  [0m [91m                                                                                                       ~[0m
[96mscripts/repair-db.ts[0m:[93m55[0m:[93m18[0m - [91merror[0m[90m TS18046: [0m'e' is of type 'unknown'.

[7m55[0m             if (!e.message.includes('already exists')) console.log(`  Info FK: ${e.message}`);
[7m  [0m [91m                 ~[0m
[96mscripts/repair-db.ts[0m:[93m55[0m:[93m82[0m - [91merror[0m[90m TS18046: [0m'e' is of type 'unknown'.

[7m55[0m             if (!e.message.includes('already exists')) console.log(`  Info FK: ${e.message}`);
[7m  [0m [91m                                                                                 ~[0m

Found 6 error(s).

npm error Lifecycle script `build` failed with error:
npm error code 1
npm error path W:\Proyectos\organicEcomApp\apps\api
npm error workspace api@0.0.1
npm error location W:\Proyectos\organicEcomApp\apps\api
npm error command failed
npm error command C:\WINDOWS\system32\cmd.exe /d /s /c nest build
